<?xml version="1.0" encoding="UTF-8"?>
<testng-results skipped="0" failed="0" ignored="0" total="3" passed="3">
  <reporter-output>
  </reporter-output>
  <suite name="Default suite" duration-ms="51" started-at="2019-01-22T06:28:28Z" finished-at="2019-01-22T06:28:28Z">
    <groups>
    </groups>
    <test name="Default test" duration-ms="51" started-at="2019-01-22T06:28:28Z" finished-at="2019-01-22T06:28:28Z">
      <class name="testofAutomation.TFirstAutomatedProgram">
        <test-method status="PASS" signature="loginapplication()[pri:1, instance:testofAutomation.TFirstAutomatedProgram@5dfcfece]" name="loginapplication" duration-ms="12" started-at="2019-01-22T06:28:28Z" description="This test case will verify the login functionlity" finished-at="2019-01-22T06:28:28Z">
          <reporter-output>
          </reporter-output>
        </test-method> <!-- loginapplication -->
        <test-method status="PASS" signature="selectitems()[pri:2, instance:testofAutomation.TFirstAutomatedProgram@5dfcfece]" name="selectitems" duration-ms="3" started-at="2019-01-22T06:28:28Z" description="Add test case" finished-at="2019-01-22T06:28:28Z">
          <reporter-output>
          </reporter-output>
        </test-method> <!-- selectitems -->
        <test-method status="PASS" signature="logoutApllication()[pri:3, instance:testofAutomation.TFirstAutomatedProgram@5dfcfece]" name="logoutApllication" duration-ms="3" started-at="2019-01-22T06:28:28Z" finished-at="2019-01-22T06:28:28Z">
          <reporter-output>
          </reporter-output>
        </test-method> <!-- logoutApllication -->
      </class> <!-- testofAutomation.TFirstAutomatedProgram -->
    </test> <!-- Default test -->
  </suite> <!-- Default suite -->
</testng-results>
